# JRE version: OpenJDK Runtime Environment Temurin-21.0.7+6 (21.0.7+6) (build 21.0.7+6-LTS)
# Java VM: OpenJDK 64-Bit Server VM Temurin-21.0.7+6 (21.0.7+6-LTS, mixed mode, emulated-client, sharing, tiered, compressed oops, compressed class ptrs, g1 gc, windows-amd64)
GC Precious Log:
 CardTable entry size: 512
 Card Set container configuration: InlinePtr #cards 5 size 8 Array Of Cards #cards 12 size 40 Howl #buckets 4 coarsen threshold 1843 Howl Bitmap #cards 512 size 80 coarsen threshold 460 Card regions per heap region 1 cards per card region 2048
 CPUs: 4 total, 4 available
 Memory: 3909M
 Large Page Support: Disabled
 NUMA Support: Disabled
 Compressed Oops: Enabled (32-bit)
 Heap Region Size: 1M
 Heap Min Capacity: 8M
 Heap Initial Capacity: 62M
 Heap Max Capacity: 978M
 Pre-touch: Disabled
 Parallel Workers: 4
 Concurrent Workers: 1
 Concurrent Refinement Workers: 4
 Periodic GC: Disabled
Heap:
 garbage-first heap   total 68608K, used 44309K [0x00000000c2e00000, 0x0000000100000000)
  region size 1024K, 2 young (2048K), 2 survivors (2048K)
 Metaspace       used 77065K, committed 77760K, reserved 1179648K
  class space    used 10974K, committed 11264K, reserved 1048576K
GC Heap History (20 events):
Event: 70.283 GC heap after
{Heap after GC invocations=23 (full 0):
 garbage-first heap   total 48128K, used 29270K [0x00000000c2e00000, 0x0000000100000000)
  region size 1024K, 1 young (1024K), 1 survivors (1024K)
 Metaspace       used 66043K, committed 66688K, reserved 1114112K
  class space    used 9235K, committed 9536K, reserved 1048576K
}
Event: 72.399 GC heap before
{Heap before GC invocations=24 (full 0):
 garbage-first heap   total 50176K, used 43606K [0x00000000c2e00000, 0x0000000100000000)
  region size 1024K, 15 young (15360K), 1 survivors (1024K)
 Metaspace       used 67787K, committed 68480K, reserved 1114112K
  class space    used 9548K, committed 9856K, reserved 1048576K
}
Event: 72.407 GC heap after
{Heap after GC invocations=25 (full 0):
 garbage-first heap   total 50176K, used 29676K [0x00000000c2e00000, 0x0000000100000000)
  region size 1024K, 2 young (2048K), 2 survivors (2048K)
 Metaspace       used 67787K, committed 68480K, reserved 1114112K
  class space    used 9548K, committed 9856K, reserved 1048576K
}
Event: 74.635 GC heap before
{Heap before GC invocations=25 (full 0):
 garbage-first heap   total 50176K, used 42988K [0x00000000c2e00000, 0x0000000100000000)
  region size 1024K, 16 young (16384K), 2 survivors (2048K)
 Metaspace       used 71638K, committed 72320K, reserved 1114112K
  class space    used 10070K, committed 10368K, reserved 1048576K
}
Event: 74.655 GC heap after
{Heap after GC invocations=26 (full 0):
 garbage-first heap   total 50176K, used 29992K [0x00000000c2e00000, 0x0000000100000000)
  region size 1024K, 2 young (2048K), 2 survivors (2048K)
 Metaspace       used 71638K, committed 72320K, reserved 1114112K
  class space    used 10070K, committed 10368K, reserved 1048576K
}
Event: 75.891 GC heap before
{Heap before GC invocations=26 (full 0):
 garbage-first heap   total 50176K, used 44328K [0x00000000c2e00000, 0x0000000100000000)
  region size 1024K, 16 young (16384K), 2 survivors (2048K)
 Metaspace       used 72963K, committed 73600K, reserved 1114112K
  class space    used 10276K, committed 10560K, reserved 1048576K
}
Event: 75.903 GC heap after
{Heap after GC invocations=27 (full 0):
 garbage-first heap   total 50176K, used 31671K [0x00000000c2e00000, 0x0000000100000000)
  region size 1024K, 2 young (2048K), 2 survivors (2048K)
 Metaspace       used 72963K, committed 73600K, reserved 1114112K
  class space    used 10276K, committed 10560K, reserved 1048576K
}
Event: 77.317 GC heap before
{Heap before GC invocations=28 (full 0):
 garbage-first heap   total 53248K, used 42935K [0x00000000c2e00000, 0x0000000100000000)
  region size 1024K, 14 young (14336K), 2 survivors (2048K)
 Metaspace       used 76147K, committed 76800K, reserved 1179648K
  class space    used 10796K, committed 11072K, reserved 1048576K
}
Event: 77.332 GC heap after
{Heap after GC invocations=29 (full 0):
 garbage-first heap   total 53248K, used 32554K [0x00000000c2e00000, 0x0000000100000000)
  region size 1024K, 1 young (1024K), 1 survivors (1024K)
 Metaspace       used 76147K, committed 76800K, reserved 1179648K
  class space    used 10796K, committed 11072K, reserved 1048576K
}
Event: 78.794 GC heap before
{Heap before GC invocations=29 (full 0):
 garbage-first heap   total 53248K, used 47914K [0x00000000c2e00000, 0x0000000100000000)
  region size 1024K, 16 young (16384K), 1 survivors (1024K)
 Metaspace       used 77054K, committed 77760K, reserved 1179648K
  class space    used 10973K, committed 11264K, reserved 1048576K
}
Event: 78.807 GC heap after
{Heap after GC invocations=30 (full 0):
 garbage-first heap   total 53248K, used 33123K [0x00000000c2e00000, 0x0000000100000000)
  region size 1024K, 2 young (2048K), 2 survivors (2048K)
 Metaspace       used 77054K, committed 77760K, reserved 1179648K
  class space    used 10973K, committed 11264K, reserved 1048576K
}
Event: 79.040 GC heap before
{Heap before GC invocations=30 (full 0):
 garbage-first heap   total 53248K, used 46435K [0x00000000c2e00000, 0x0000000100000000)
  region size 1024K, 15 young (15360K), 2 survivors (2048K)
 Metaspace       used 77061K, committed 77760K, reserved 1179648K
  class space    used 10973K, committed 11264K, reserved 1048576K
}
Event: 79.049 GC heap after
{Heap after GC invocations=31 (full 0):
 garbage-first heap   total 53248K, used 33992K [0x00000000c2e00000, 0x0000000100000000)
  region size 1024K, 1 young (1024K), 1 survivors (1024K)
 Metaspace       used 77061K, committed 77760K, reserved 1179648K
  class space    used 10973K, committed 11264K, reserved 1048576K
}
Event: 79.435 GC heap before
{Heap before GC invocations=32 (full 0):
 garbage-first heap   total 58368K, used 47304K [0x00000000c2e00000, 0x0000000100000000)
  region size 1024K, 14 young (14336K), 1 survivors (1024K)
 Metaspace       used 77063K, committed 77760K, reserved 1179648K
  class space    used 10973K, committed 11264K, reserved 1048576K
}
Event: 79.440 GC heap after
{Heap after GC invocations=33 (full 0):
 garbage-first heap   total 58368K, used 33759K [0x00000000c2e00000, 0x0000000100000000)
  region size 1024K, 1 young (1024K), 1 survivors (1024K)
 Metaspace       used 77063K, committed 77760K, reserved 1179648K
  class space    used 10973K, committed 11264K, reserved 1048576K
}
Event: 79.820 GC heap before
{Heap before GC invocations=33 (full 0):
 garbage-first heap   total 58368K, used 52191K [0x00000000c2e00000, 0x0000000100000000)
  region size 1024K, 19 young (19456K), 1 survivors (1024K)
 Metaspace       used 77063K, committed 77760K, reserved 1179648K
  class space    used 10973K, committed 11264K, reserved 1048576K
}
Event: 79.839 GC heap after
{Heap after GC invocations=34 (full 0):
 garbage-first heap   total 59392K, used 37215K [0x00000000c2e00000, 0x0000000100000000)
  region size 1024K, 3 young (3072K), 3 survivors (3072K)
 Metaspace       used 77063K, committed 77760K, reserved 1179648K
  class space    used 10973K, committed 11264K, reserved 1048576K
}
Event: 80.157 GC heap before
{Heap before GC invocations=34 (full 0):
 garbage-first heap   total 59392K, used 50527K [0x00000000c2e00000, 0x0000000100000000)
  region size 1024K, 17 young (17408K), 3 survivors (3072K)
 Metaspace       used 77065K, committed 77760K, reserved 1179648K
  class space    used 10974K, committed 11264K, reserved 1048576K
}
Event: 80.177 GC heap after
{Heap after GC invocations=35 (full 0):
 garbage-first heap   total 59392K, used 40280K [0x00000000c2e00000, 0x0000000100000000)
  region size 1024K, 3 young (3072K), 3 survivors (3072K)
 Metaspace       used 77065K, committed 77760K, reserved 1179648K
  class space    used 10974K, committed 11264K, reserved 1048576K
}
Event: 80.478 GC heap before
{Heap before GC invocations=35 (full 0):
 garbage-first heap   total 68608K, used 51544K [0x00000000c2e00000, 0x0000000100000000)
  region size 1024K, 14 young (14336K), 3 survivors (3072K)
 Metaspace       used 77065K, committed 77760K, reserved 1179648K
  class space    used 10974K, committed 11264K, reserved 1048576K
}

